<?xml version="1.0" encoding="UTF-8"?>
<!-- Generated by org.testng.reporters.JUnitReportReporter -->
<testsuite hostname="DESKTOP-5HBGGGN" failures="0" tests="2" name="org.example.RESTAPITest" time="0.002" errors="0" timestamp="2022-06-23T01:27:04 IST" skipped="0">
  <testcase classname="org.example.RESTAPITest" name="deleteTwitter" time="0.001"/>
  <system-out/>
  <testcase classname="org.example.RESTAPITest" name="postJira" time="0.001"/>
  <system-out/>
</testsuite> <!-- org.example.RESTAPITest -->
