<?xml version="1.0" encoding="UTF-8"?>
<!-- Generated by org.testng.reporters.JUnitReportReporter -->
<testsuite hostname="DESKTOP-5HBGGGN" failures="0" tests="2" name="org.example.AppiumTest" time="0.012" errors="0" timestamp="2022-06-23T01:27:04 IST" skipped="0">
  <testcase classname="org.example.AppiumTest" name="NativeAPpAndroid" time="0.002"/>
  <system-out/>
  <testcase classname="org.example.AppiumTest" name="IOSApps" time="0.010"/>
  <system-out/>
</testsuite> <!-- org.example.AppiumTest -->
