<?xml version="1.0" encoding="UTF-8"?>
<!-- Generated by org.testng.reporters.JUnitReportReporter -->
<testsuite hostname="DESKTOP-5HBGGGN" failures="0" tests="2" name="org.example.SeleniumTest" time="0.002" errors="0" timestamp="2022-06-23T01:27:04 IST" skipped="0">
  <testcase classname="org.example.SeleniumTest" name="elementsUi" time="0.001"/>
  <system-out/>
  <testcase classname="org.example.SeleniumTest" name="BrowserAUtomation" time="0.001"/>
  <system-out/>
</testsuite> <!-- org.example.SeleniumTest -->
